[debug] [2021-10-07T09:39:08.733Z] ----------------------------------------------------------------------
[debug] [2021-10-07T09:39:08.735Z] Command:       C:\Program Files\nodejs\node.exe C:\Users\wifil\AppData\Roaming\npm\node_modules\firebase-tools\lib\bin\firebase.js deploy
[debug] [2021-10-07T09:39:08.736Z] CLI Version:   9.19.0
[debug] [2021-10-07T09:39:08.736Z] Platform:      win32
[debug] [2021-10-07T09:39:08.736Z] Node Version:  v14.17.6
[debug] [2021-10-07T09:39:08.737Z] Time:          Thu Oct 07 2021 16:39:08 GMT+0700 (Indochina Time)
[debug] [2021-10-07T09:39:08.737Z] ----------------------------------------------------------------------
[debug] 
[debug] [2021-10-07T09:39:08.799Z] > command requires scopes: ["email","openid","https://www.googleapis.com/auth/cloudplatformprojects.readonly","https://www.googleapis.com/auth/firebase","https://www.googleapis.com/auth/cloud-platform"]
[debug] [2021-10-07T09:39:08.799Z] > authorizing via signed-in user (trongldse151359@fpt.edu.vn)
[debug] [2021-10-07T09:39:08.799Z] [iam] checking project lasa-fpt for permissions ["firebase.projects.get","firebasehosting.sites.update"]
[debug] [2021-10-07T09:39:08.802Z] >>> HTTP REQUEST POST https://cloudresourcemanager.googleapis.com/v1/projects/lasa-fpt:testIamPermissions  
 {"permissions":["firebase.projects.get","firebasehosting.sites.update"]}
[debug] [2021-10-07T09:39:21.972Z] [iam] error while checking permissions, command may fail: FirebaseError: Server Error. Client network socket disconnected before secure TLS connection was established
[debug] [2021-10-07T09:39:21.976Z] > refreshing access token with scopes: []
[debug] [2021-10-07T09:39:21.976Z] >>> HTTP REQUEST POST https://www.googleapis.com/oauth2/v3/token  
 <request body omitted>
[debug] [2021-10-07T09:39:32.052Z] Authentication Error: Your credentials are no longer valid. Please run firebase login --reauth

For CI servers and headless environments, generate a new token with firebase login:ci
[debug] [2021-10-07T09:39:32.206Z] FirebaseError: Authentication Error: Your credentials are no longer valid. Please run firebase login --reauth

For CI servers and headless environments, generate a new token with firebase login:ci
    at invalidCredentialError (C:\Users\wifil\AppData\Roaming\npm\node_modules\firebase-tools\lib\auth.js:141:12)
    at refreshTokens (C:\Users\wifil\AppData\Roaming\npm\node_modules\firebase-tools\lib\auth.js:448:15)
    at processTicksAndRejections (internal/process/task_queues.js:95:5)
    at async Client.getAccessToken (C:\Users\wifil\AppData\Roaming\npm\node_modules\firebase-tools\lib\apiv2.js:144:23)
    at async Client.addAuthHeader (C:\Users\wifil\AppData\Roaming\npm\node_modules\firebase-tools\lib\apiv2.js:135:21)
    at async Client.request (C:\Users\wifil\AppData\Roaming\npm\node_modules\firebase-tools\lib\apiv2.js:93:34)
    at async Object.getFirebaseProject (C:\Users\wifil\AppData\Roaming\npm\node_modules\firebase-tools\lib\management\projects.js:290:21)
    at async Object.getDefaultHostingSite (C:\Users\wifil\AppData\Roaming\npm\node_modules\firebase-tools\lib\getDefaultHostingSite.js:8:21)
    at async requireHostingSite (C:\Users\wifil\AppData\Roaming\npm\node_modules\firebase-tools\lib\requireHostingSite.js:9:18)
    at async Object.fn (C:\Users\wifil\AppData\Roaming\npm\node_modules\firebase-tools\lib\commands\deploy.js:65:9)
    at async C:\Users\wifil\AppData\Roaming\npm\node_modules\firebase-tools\lib\command.js:188:17
[error] 
[error] Error: Failed to get Firebase project lasa-fpt. Please make sure the project exists and your account has permission to access it.
[debug] [2021-10-07T09:50:24.736Z] ----------------------------------------------------------------------
[debug] [2021-10-07T09:50:24.738Z] Command:       C:\Program Files\nodejs\node.exe C:\Users\wifil\AppData\Roaming\npm\node_modules\firebase-tools\lib\bin\firebase.js deploy
[debug] [2021-10-07T09:50:24.739Z] CLI Version:   9.19.0
[debug] [2021-10-07T09:50:24.739Z] Platform:      win32
[debug] [2021-10-07T09:50:24.739Z] Node Version:  v14.17.6
[debug] [2021-10-07T09:50:24.740Z] Time:          Thu Oct 07 2021 16:50:24 GMT+0700 (Indochina Time)
[debug] [2021-10-07T09:50:24.740Z] ----------------------------------------------------------------------
[debug] 
[debug] [2021-10-07T09:50:24.799Z] > command requires scopes: ["email","openid","https://www.googleapis.com/auth/cloudplatformprojects.readonly","https://www.googleapis.com/auth/firebase","https://www.googleapis.com/auth/cloud-platform"]
[debug] [2021-10-07T09:50:24.799Z] > authorizing via signed-in user (trongldse151359@fpt.edu.vn)
[debug] [2021-10-07T09:50:24.799Z] [iam] checking project lasa-fpt for permissions ["firebase.projects.get","firebasehosting.sites.update"]
[debug] [2021-10-07T09:50:24.802Z] >>> HTTP REQUEST POST https://cloudresourcemanager.googleapis.com/v1/projects/lasa-fpt:testIamPermissions  
 {"permissions":["firebase.projects.get","firebasehosting.sites.update"]}
[debug] [2021-10-07T09:50:25.860Z] <<< HTTP RESPONSE 200 {"content-type":"application/json; charset=UTF-8","vary":"X-Origin, Referer, Origin,Accept-Encoding","date":"Thu, 07 Oct 2021 09:50:27 GMT","server":"ESF","cache-control":"private","x-xss-protection":"0","x-frame-options":"SAMEORIGIN","x-content-type-options":"nosniff","server-timing":"gfet4t7; dur=848","alt-svc":"h3=\":443\"; ma=2592000,h3-29=\":443\"; ma=2592000,h3-T051=\":443\"; ma=2592000,h3-Q050=\":443\"; ma=2592000,h3-Q046=\":443\"; ma=2592000,h3-Q043=\":443\"; ma=2592000,quic=\":443\"; ma=2592000; v=\"46,43\"","accept-ranges":"none","transfer-encoding":"chunked"}
[debug] [2021-10-07T09:50:25.864Z] > refreshing access token with scopes: []
[debug] [2021-10-07T09:50:25.864Z] >>> HTTP REQUEST POST https://www.googleapis.com/oauth2/v3/token  
 <request body omitted>
[debug] [2021-10-07T09:50:26.048Z] <<< HTTP RESPONSE 200 {"pragma":"no-cache","date":"Thu, 07 Oct 2021 09:50:27 GMT","expires":"Mon, 01 Jan 1990 00:00:00 GMT","cache-control":"no-cache, no-store, max-age=0, must-revalidate","content-type":"application/json; charset=utf-8","vary":"X-Origin, Referer, Origin,Accept-Encoding","server":"scaffolding on HTTPServer2","x-xss-protection":"0","x-frame-options":"SAMEORIGIN","x-content-type-options":"nosniff","alt-svc":"h3=\":443\"; ma=2592000,h3-29=\":443\"; ma=2592000,h3-T051=\":443\"; ma=2592000,h3-Q050=\":443\"; ma=2592000,h3-Q046=\":443\"; ma=2592000,h3-Q043=\":443\"; ma=2592000,quic=\":443\"; ma=2592000; v=\"46,43\"","accept-ranges":"none","transfer-encoding":"chunked"}
[debug] [2021-10-07T09:50:26.057Z] >>> [apiv2][query] GET https://firebase.googleapis.com/v1beta1/projects/lasa-fpt [none]
[debug] [2021-10-07T09:50:26.516Z] <<< [apiv2][status] GET https://firebase.googleapis.com/v1beta1/projects/lasa-fpt 200
[debug] [2021-10-07T09:50:26.516Z] <<< [apiv2][body] GET https://firebase.googleapis.com/v1beta1/projects/lasa-fpt {"projectId":"lasa-fpt","projectNumber":"1078789616745","displayName":"lasa-fpt","name":"projects/lasa-fpt","resources":{"hostingSite":"lasa-fpt"},"state":"ACTIVE"}
[info] 
[info] === Deploying to 'lasa-fpt'...
[info] 
[info] i  deploying hosting 
[debug] [2021-10-07T09:50:26.522Z] > refreshing access token with scopes: ["email","https://www.googleapis.com/auth/cloud-platform","https://www.googleapis.com/auth/cloudplatformprojects.readonly","https://www.googleapis.com/auth/firebase","openid"]
[debug] [2021-10-07T09:50:26.522Z] >>> HTTP REQUEST POST https://www.googleapis.com/oauth2/v3/token  
 <request body omitted>
[debug] [2021-10-07T09:50:26.679Z] <<< HTTP RESPONSE 200 {"date":"Thu, 07 Oct 2021 09:50:28 GMT","pragma":"no-cache","cache-control":"no-cache, no-store, max-age=0, must-revalidate","expires":"Mon, 01 Jan 1990 00:00:00 GMT","content-type":"application/json; charset=utf-8","vary":"X-Origin, Referer, Origin,Accept-Encoding","server":"scaffolding on HTTPServer2","x-xss-protection":"0","x-frame-options":"SAMEORIGIN","x-content-type-options":"nosniff","alt-svc":"h3=\":443\"; ma=2592000,h3-29=\":443\"; ma=2592000,h3-T051=\":443\"; ma=2592000,h3-Q050=\":443\"; ma=2592000,h3-Q046=\":443\"; ma=2592000,h3-Q043=\":443\"; ma=2592000,quic=\":443\"; ma=2592000; v=\"46,43\"","accept-ranges":"none","transfer-encoding":"chunked"}
[debug] [2021-10-07T09:50:26.694Z] >>> HTTP REQUEST POST https://firebasehosting.googleapis.com/v1beta1/sites/lasa-fpt/versions  
 {"config":{"rewrites":[{"glob":"**","path":"/index.html"}]},"labels":{"deployment-tool":"cli-firebase"}}
[debug] [2021-10-07T09:50:28.206Z] <<< HTTP RESPONSE 200 {"content-type":"application/json; charset=UTF-8","vary":"X-Origin, Referer, Origin,Accept-Encoding","date":"Thu, 07 Oct 2021 09:50:29 GMT","server":"ESF","cache-control":"private","x-xss-protection":"0","x-frame-options":"SAMEORIGIN","x-content-type-options":"nosniff","alt-svc":"h3=\":443\"; ma=2592000,h3-29=\":443\"; ma=2592000,h3-T051=\":443\"; ma=2592000,h3-Q050=\":443\"; ma=2592000,h3-Q046=\":443\"; ma=2592000,h3-Q043=\":443\"; ma=2592000,quic=\":443\"; ma=2592000; v=\"46,43\"","accept-ranges":"none","transfer-encoding":"chunked"}
[info] i  hosting[lasa-fpt]: beginning deploy... 
[info] i  hosting[lasa-fpt]: found 20 files in build 
[debug] [2021-10-07T09:50:28.348Z] > refreshing access token with scopes: []
[debug] [2021-10-07T09:50:28.348Z] >>> HTTP REQUEST POST https://www.googleapis.com/oauth2/v3/token  
 <request body omitted>
[debug] [2021-10-07T09:50:28.350Z] [hosting] hash cache [YnVpbGQ] stored for 20 files
[debug] [2021-10-07T09:50:28.350Z] [hosting][hash queue][FINAL] {"max":117,"min":3,"avg":13.05,"active":0,"complete":20,"success":20,"errored":0,"retried":0,"total":20,"elapsed":123}
[debug] [2021-10-07T09:50:28.518Z] <<< HTTP RESPONSE 200 {"expires":"Mon, 01 Jan 1990 00:00:00 GMT","date":"Thu, 07 Oct 2021 09:50:30 GMT","pragma":"no-cache","cache-control":"no-cache, no-store, max-age=0, must-revalidate","content-type":"application/json; charset=utf-8","vary":"X-Origin, Referer, Origin,Accept-Encoding","server":"scaffolding on HTTPServer2","x-xss-protection":"0","x-frame-options":"SAMEORIGIN","x-content-type-options":"nosniff","alt-svc":"h3=\":443\"; ma=2592000,h3-29=\":443\"; ma=2592000,h3-T051=\":443\"; ma=2592000,h3-Q050=\":443\"; ma=2592000,h3-Q046=\":443\"; ma=2592000,h3-Q043=\":443\"; ma=2592000,quic=\":443\"; ma=2592000; v=\"46,43\"","accept-ranges":"none","transfer-encoding":"chunked"}
[debug] [2021-10-07T09:50:28.527Z] >>> [apiv2][query] POST https://firebasehosting.googleapis.com/v1beta1/sites/lasa-fpt/versions/d0b2b8c84dddbce2:populateFiles [none]
[debug] [2021-10-07T09:50:28.527Z] >>> [apiv2][body] POST https://firebasehosting.googleapis.com/v1beta1/sites/lasa-fpt/versions/d0b2b8c84dddbce2:populateFiles {"files":{"/android-chrome-192x192.png":"e19ab5cc114466e55680054f6df04a697f92dcf68aa2c47febf3623f007e9c63","/android-chrome-512x512.png":"2e074c7642a8eb22b1c438283fd56582f7a6e1278d2b9fb2f39033f8d08da8ec","/apple-touch-icon.png":"23720b97159424721a9a985d0f6dc3bbc2b711b23853245c2be130bdbc58315e","/favicon.ico":"c6107f10dd131e3b1a8c380330e0bcc37ee7c523b9e7c776b46c285c78f5511b","/manifest.json":"ddd3f1cf4c73b6dccdccc277cd98244d3ef6cd4807f4c3d18e3c329ba721b111","/robots.txt":"b2090cf9761ef60aa06e4fab97679bd43dfa5e5df073701ead5879d7c68f1ec5","/asset-manifest.json":"b049f03fe73a2d40e4828bdadd9028e232b3cc0c3881662851155e8e68a38f5d","/index.html":"350cc25e386d745b760d6ae2e868073507932224853220f461bd66f80712aa5f","/static/js/2.65c8f444.chunk.js.LICENSE.txt":"5f1278821da5339567b6a5c8d8cfdfbb302d5893b9f8bbc9feb81d9ba0177e1d","/static/css/main.bfc9f254.chunk.css":"e782e31f2e3b70a491df17c81578b9755a59ba4344c9b74777625e4802d10ba7","/static/js/3.8141f698.chunk.js":"325b5564419dd9a635df9c9034dbc948c31f8cfebb62a8f0a16426cf7e65c06b","/static/css/main.bfc9f254.chunk.css.map":"508188e06be12b49dc8412416958c28a32b7da4eda8b227aa13f88d505b9f0a5","/static/js/3.8141f698.chunk.js.map":"9e54968ad4a2a660852bd373269b3b4d40f2b8cc2c3a8a5ea947dc6685858395","/static/js/main.48d130b7.chunk.js":"07a183f909659b44a2ed34f299117b4038757efa8c7bc45dfbd7d06ae945392b","/static/js/runtime-main.b0bb6f47.js":"b99045248e73393d34a14296cdc2c963deb001f748a29e7aafe91c2cb7799880","/static/js/runtime-main.b0bb6f47.js.map":"a5ec79af2646e867cd3396f5dbfe2589be8470f3af292483278091716bd35be2","/static/media/icons8-google-small-extra.1ddd0216.svg":"364bdedb9b139cfa8a17acc367f7e8edf7ff00dc61399422012ac72e1d1b8697","/static/js/main.48d130b7.chunk.js.map":"a583fe4748f29a3761eb46d133d6fba990b65f02f5ccad83b48efd55151d6eaa","/static/js/2.65c8f444.chunk.js":"4ed3628c930afdc82755297805ef1c395c2ba5839ecf72ee03c2712b596327a5","/static/js/2.65c8f444.chunk.js.map":"b89cee512c5bedf4a5a51b09122775e7c658497822a60440eb1a755ed4b9b4f7"}}
[debug] [2021-10-07T09:50:29.776Z] <<< [apiv2][status] POST https://firebasehosting.googleapis.com/v1beta1/sites/lasa-fpt/versions/d0b2b8c84dddbce2:populateFiles 200
[debug] [2021-10-07T09:50:29.776Z] <<< [apiv2][body] POST https://firebasehosting.googleapis.com/v1beta1/sites/lasa-fpt/versions/d0b2b8c84dddbce2:populateFiles {"uploadRequiredHashes":["07a183f909659b44a2ed34f299117b4038757efa8c7bc45dfbd7d06ae945392b","b049f03fe73a2d40e4828bdadd9028e232b3cc0c3881662851155e8e68a38f5d","e782e31f2e3b70a491df17c81578b9755a59ba4344c9b74777625e4802d10ba7","508188e06be12b49dc8412416958c28a32b7da4eda8b227aa13f88d505b9f0a5","350cc25e386d745b760d6ae2e868073507932224853220f461bd66f80712aa5f","a583fe4748f29a3761eb46d133d6fba990b65f02f5ccad83b48efd55151d6eaa"],"uploadUrl":"https://upload-firebasehosting.googleapis.com/upload/sites/lasa-fpt/versions/d0b2b8c84dddbce2/files"}
[debug] [2021-10-07T09:50:29.779Z] >>> [apiv2][query] POST https://upload-firebasehosting.googleapis.com/upload/sites/lasa-fpt/versions/d0b2b8c84dddbce2/files/07a183f909659b44a2ed34f299117b4038757efa8c7bc45dfbd7d06ae945392b [none]
[debug] [2021-10-07T09:50:29.779Z] >>> [apiv2][body] POST https://upload-firebasehosting.googleapis.com/upload/sites/lasa-fpt/versions/d0b2b8c84dddbce2/files/07a183f909659b44a2ed34f299117b4038757efa8c7bc45dfbd7d06ae945392b [stream]
[debug] [2021-10-07T09:50:29.781Z] >>> [apiv2][query] POST https://upload-firebasehosting.googleapis.com/upload/sites/lasa-fpt/versions/d0b2b8c84dddbce2/files/b049f03fe73a2d40e4828bdadd9028e232b3cc0c3881662851155e8e68a38f5d [none]
[debug] [2021-10-07T09:50:29.782Z] >>> [apiv2][body] POST https://upload-firebasehosting.googleapis.com/upload/sites/lasa-fpt/versions/d0b2b8c84dddbce2/files/b049f03fe73a2d40e4828bdadd9028e232b3cc0c3881662851155e8e68a38f5d [stream]
[debug] [2021-10-07T09:50:29.784Z] >>> [apiv2][query] POST https://upload-firebasehosting.googleapis.com/upload/sites/lasa-fpt/versions/d0b2b8c84dddbce2/files/e782e31f2e3b70a491df17c81578b9755a59ba4344c9b74777625e4802d10ba7 [none]
[debug] [2021-10-07T09:50:29.784Z] >>> [apiv2][body] POST https://upload-firebasehosting.googleapis.com/upload/sites/lasa-fpt/versions/d0b2b8c84dddbce2/files/e782e31f2e3b70a491df17c81578b9755a59ba4344c9b74777625e4802d10ba7 [stream]
[debug] [2021-10-07T09:50:29.786Z] >>> [apiv2][query] POST https://upload-firebasehosting.googleapis.com/upload/sites/lasa-fpt/versions/d0b2b8c84dddbce2/files/508188e06be12b49dc8412416958c28a32b7da4eda8b227aa13f88d505b9f0a5 [none]
[debug] [2021-10-07T09:50:29.786Z] >>> [apiv2][body] POST https://upload-firebasehosting.googleapis.com/upload/sites/lasa-fpt/versions/d0b2b8c84dddbce2/files/508188e06be12b49dc8412416958c28a32b7da4eda8b227aa13f88d505b9f0a5 [stream]
[debug] [2021-10-07T09:50:29.788Z] >>> [apiv2][query] POST https://upload-firebasehosting.googleapis.com/upload/sites/lasa-fpt/versions/d0b2b8c84dddbce2/files/350cc25e386d745b760d6ae2e868073507932224853220f461bd66f80712aa5f [none]
[debug] [2021-10-07T09:50:29.789Z] >>> [apiv2][body] POST https://upload-firebasehosting.googleapis.com/upload/sites/lasa-fpt/versions/d0b2b8c84dddbce2/files/350cc25e386d745b760d6ae2e868073507932224853220f461bd66f80712aa5f [stream]
[debug] [2021-10-07T09:50:29.790Z] >>> [apiv2][query] POST https://upload-firebasehosting.googleapis.com/upload/sites/lasa-fpt/versions/d0b2b8c84dddbce2/files/a583fe4748f29a3761eb46d133d6fba990b65f02f5ccad83b48efd55151d6eaa [none]
[debug] [2021-10-07T09:50:29.790Z] >>> [apiv2][body] POST https://upload-firebasehosting.googleapis.com/upload/sites/lasa-fpt/versions/d0b2b8c84dddbce2/files/a583fe4748f29a3761eb46d133d6fba990b65f02f5ccad83b48efd55151d6eaa [stream]
[debug] [2021-10-07T09:50:29.792Z] [hosting][populate queue][FINAL] {"max":1431,"min":1431,"avg":1431,"active":0,"complete":1,"success":1,"errored":0,"retried":0,"total":1,"elapsed":1444}
[debug] [2021-10-07T09:50:29.792Z] [hosting] uploads queued: 6
[debug] [2021-10-07T09:50:31.200Z] <<< [apiv2][status] POST https://upload-firebasehosting.googleapis.com/upload/sites/lasa-fpt/versions/d0b2b8c84dddbce2/files/b049f03fe73a2d40e4828bdadd9028e232b3cc0c3881662851155e8e68a38f5d 200
[debug] [2021-10-07T09:50:31.201Z] <<< [apiv2][body] POST https://upload-firebasehosting.googleapis.com/upload/sites/lasa-fpt/versions/d0b2b8c84dddbce2/files/b049f03fe73a2d40e4828bdadd9028e232b3cc0c3881662851155e8e68a38f5d [stream]
[debug] [2021-10-07T09:50:31.207Z] <<< [apiv2][status] POST https://upload-firebasehosting.googleapis.com/upload/sites/lasa-fpt/versions/d0b2b8c84dddbce2/files/508188e06be12b49dc8412416958c28a32b7da4eda8b227aa13f88d505b9f0a5 200
[debug] [2021-10-07T09:50:31.207Z] <<< [apiv2][body] POST https://upload-firebasehosting.googleapis.com/upload/sites/lasa-fpt/versions/d0b2b8c84dddbce2/files/508188e06be12b49dc8412416958c28a32b7da4eda8b227aa13f88d505b9f0a5 [stream]
[debug] [2021-10-07T09:50:31.231Z] <<< [apiv2][status] POST https://upload-firebasehosting.googleapis.com/upload/sites/lasa-fpt/versions/d0b2b8c84dddbce2/files/e782e31f2e3b70a491df17c81578b9755a59ba4344c9b74777625e4802d10ba7 200
[debug] [2021-10-07T09:50:31.231Z] <<< [apiv2][body] POST https://upload-firebasehosting.googleapis.com/upload/sites/lasa-fpt/versions/d0b2b8c84dddbce2/files/e782e31f2e3b70a491df17c81578b9755a59ba4344c9b74777625e4802d10ba7 [stream]
[debug] [2021-10-07T09:50:31.254Z] <<< [apiv2][status] POST https://upload-firebasehosting.googleapis.com/upload/sites/lasa-fpt/versions/d0b2b8c84dddbce2/files/a583fe4748f29a3761eb46d133d6fba990b65f02f5ccad83b48efd55151d6eaa 200
[debug] [2021-10-07T09:50:31.255Z] <<< [apiv2][body] POST https://upload-firebasehosting.googleapis.com/upload/sites/lasa-fpt/versions/d0b2b8c84dddbce2/files/a583fe4748f29a3761eb46d133d6fba990b65f02f5ccad83b48efd55151d6eaa [stream]
[debug] [2021-10-07T09:50:31.686Z] <<< [apiv2][status] POST https://upload-firebasehosting.googleapis.com/upload/sites/lasa-fpt/versions/d0b2b8c84dddbce2/files/07a183f909659b44a2ed34f299117b4038757efa8c7bc45dfbd7d06ae945392b 200
[debug] [2021-10-07T09:50:31.687Z] <<< [apiv2][body] POST https://upload-firebasehosting.googleapis.com/upload/sites/lasa-fpt/versions/d0b2b8c84dddbce2/files/07a183f909659b44a2ed34f299117b4038757efa8c7bc45dfbd7d06ae945392b [stream]
[debug] [2021-10-07T09:50:40.330Z] [uploadQueue] Retrying task 350cc25e386d745b760d6ae2e868073507932224853220f461bd66f80712aa5f
[debug] [2021-10-07T09:50:40.331Z] >>> [apiv2][query] POST https://upload-firebasehosting.googleapis.com/upload/sites/lasa-fpt/versions/d0b2b8c84dddbce2/files/350cc25e386d745b760d6ae2e868073507932224853220f461bd66f80712aa5f [none]
[debug] [2021-10-07T09:50:40.331Z] >>> [apiv2][body] POST https://upload-firebasehosting.googleapis.com/upload/sites/lasa-fpt/versions/d0b2b8c84dddbce2/files/350cc25e386d745b760d6ae2e868073507932224853220f461bd66f80712aa5f [stream]
[debug] [2021-10-07T09:50:41.723Z] <<< [apiv2][status] POST https://upload-firebasehosting.googleapis.com/upload/sites/lasa-fpt/versions/d0b2b8c84dddbce2/files/350cc25e386d745b760d6ae2e868073507932224853220f461bd66f80712aa5f 200
[debug] [2021-10-07T09:50:41.723Z] <<< [apiv2][body] POST https://upload-firebasehosting.googleapis.com/upload/sites/lasa-fpt/versions/d0b2b8c84dddbce2/files/350cc25e386d745b760d6ae2e868073507932224853220f461bd66f80712aa5f [stream]
[debug] [2021-10-07T09:50:41.724Z] [hosting][upload queue][FINAL] {"max":1911,"min":1394,"avg":1515,"active":0,"complete":6,"success":6,"errored":0,"retried":1,"total":6,"elapsed":11948}
[info] +  hosting[lasa-fpt]: file upload complete 
[debug] [2021-10-07T09:50:41.725Z] [hosting] deploy completed after 13517ms
[debug] [2021-10-07T09:50:41.729Z] [
  {
    "config": {
      "public": "build",
      "ignore": [
        "firebase.json",
        "**/.*",
        "**/node_modules/**"
      ],
      "rewrites": [
        {
          "source": "**",
          "destination": "/index.html"
        }
      ],
      "site": "lasa-fpt"
    },
    "site": "lasa-fpt",
    "version": "sites/lasa-fpt/versions/d0b2b8c84dddbce2"
  }
]
[info] i  hosting[lasa-fpt]: finalizing version... 
[debug] [2021-10-07T09:50:41.730Z] > refreshing access token with scopes: ["email","https://www.googleapis.com/auth/cloud-platform","https://www.googleapis.com/auth/cloudplatformprojects.readonly","https://www.googleapis.com/auth/firebase","openid"]
[debug] [2021-10-07T09:50:41.731Z] >>> HTTP REQUEST POST https://www.googleapis.com/oauth2/v3/token  
 <request body omitted>
[debug] [2021-10-07T09:50:41.910Z] <<< HTTP RESPONSE 200 {"cache-control":"no-cache, no-store, max-age=0, must-revalidate","expires":"Mon, 01 Jan 1990 00:00:00 GMT","pragma":"no-cache","date":"Thu, 07 Oct 2021 09:50:43 GMT","content-type":"application/json; charset=utf-8","vary":"X-Origin, Referer, Origin,Accept-Encoding","server":"scaffolding on HTTPServer2","x-xss-protection":"0","x-frame-options":"SAMEORIGIN","x-content-type-options":"nosniff","alt-svc":"h3=\":443\"; ma=2592000,h3-29=\":443\"; ma=2592000,h3-T051=\":443\"; ma=2592000,h3-Q050=\":443\"; ma=2592000,h3-Q046=\":443\"; ma=2592000,h3-Q043=\":443\"; ma=2592000,quic=\":443\"; ma=2592000; v=\"46,43\"","accept-ranges":"none","transfer-encoding":"chunked"}
[debug] [2021-10-07T09:50:41.928Z] >>> HTTP REQUEST PATCH https://firebasehosting.googleapis.com/v1beta1/sites/lasa-fpt/versions/d0b2b8c84dddbce2?updateMask=status  
 {"status":"FINALIZED"}
[debug] [2021-10-07T09:50:52.169Z] Error: Client network socket disconnected before secure TLS connection was established
    at connResetException (internal/errors.js:628:14)
    at TLSSocket.onConnectEnd (_tls_wrap.js:1569:19)
    at TLSSocket.emit (events.js:412:35)
    at TLSSocket.emit (domain.js:470:12)
    at endReadableNT (internal/streams/readable.js:1317:12)
    at processTicksAndRejections (internal/process/task_queues.js:82:21)
[error] 
[error] Error: Server Error. Client network socket disconnected before secure TLS connection was established
